BUY 0.0012 @ 19872.21 TP1 19876.18
SELL 0.0012 @ 19862.05
BUY 0.0012 @ 19895.970000000005 TP1 19899.95
BUY 0.0012 @ 19913.203333333335 TP1 19917.19
BUY 0.0012 @ 19898.24375 TP1 19902.22
BUY 0.0012 @ 19949.22 TP1 19953.21
BUY 0.0012 @ 19814.49 TP1 19818.45
BUY 0.0012 @ 19862.0 TP1 19865.97
BUY 0.0012 @ 19883.82025 TP1 19887.8
BUY 0.0012 @ 19924.36 TP1 19928.34
BUY 0.0012 @ 19938.22 TP1 19942.21
BUY 0.0012 @ 19877.190000000002 TP1 19881.17
BUY 0.0012 @ 19871.97 TP1 19875.94
BUY 0.0012 @ 19933.350000000002 TP1 19937.34
BUY 0.0012 @ 19857.13 TP1 19861.1
BUY 0.0012 @ 19855.260000000002 TP1 19859.23
BUY 0.0012 @ 19821.61 TP1 19825.57
BUY 0.0013 @ 19335.44 TP1 19339.31
BUY 0.0013 @ 19443.460000000003 TP1 19447.35
BUY 0.0013 @ 19383.45 TP1 19387.33
BUY 0.0013 @ 19416.9 TP1 19420.78
BUY 0.0013 @ 19450.696 TP1 19454.59
BUY 0.0013 @ 19370.66 TP1 19374.53
BUY 0.0013 @ 19417.53 TP1 19421.41
BUY 0.0013 @ 19375.77 TP1 19379.65
SELL 0.0013 @ 19347.46
BUY 0.0013 @ 19370.510000000002 TP1 19374.38
BUY 0.0012 @ 19721.170000000002 TP1 19725.11
BUY 0.0012 @ 19763.34 TP1 19767.29
BUY 0.0012 @ 19781.96 TP1 19785.92
BUY 0.0012 @ 19829.920000000002 TP1 19833.89
BUY 0.0012 @ 19851.61 TP1 19855.58
SELL 0.0012 @ 19831.67
BUY 0.0013 @ 19131.48 TP1 19135.31
BUY 0.0013 @ 19180.2 TP1 19184.04
BUY 0.0013 @ 19240.73 TP1 19244.58
BUY 0.0013 @ 19420.38 TP1 19424.26
BUY 0.0013 @ 19425.79 TP1 19429.68
BUY 0.0013 @ 19459.7 TP1 19463.59
BUY 0.0012 @ 19883.16175 TP1 19887.14
SELL 0.0012 @ 19773.1
BUY 0.0012 @ 19704.980000000003 TP1 19708.92
BUY 0.0012 @ 19814.350000000002 TP1 19818.31
SELL 0.0012 @ 19774.07
BUY 0.0012 @ 19682.45 TP1 19686.39
BUY 0.0012 @ 19645.08 TP1 19649.01
BUY 0.0012 @ 19652.46 TP1 19656.39
BUY 0.0012 @ 19660.47 TP1 19664.4
BUY 0.0012 @ 19653.440000000002 TP1 19657.37
BUY 0.0012 @ 19752.81 TP1 19756.76
BUY 0.0012 @ 19785.090000000004 TP1 19789.05
BUY 0.0012 @ 19804.31 TP1 19808.27
BUY 0.0012 @ 19944.33 TP1 19948.32
BUY 0.0012 @ 19845.5 TP1 19849.47
SELL 0.0012 @ 19828.14
BUY 0.0012 @ 19850.300000000003 TP1 19854.27
BUY 0.0012 @ 19963.190000000002 TP1 19967.18
BUY 0.0012 @ 20177.260250000003 TP1 20181.3
BUY 0.0012 @ 20203.711 TP1 20207.75
BUY 0.0012 @ 20253.95 TP1 20258.0
BUY 0.0012 @ 20231.910000000003 TP1 20235.96
SELL 0.0012 @ 20194.77
BUY 0.0012 @ 20226.870000000003 TP1 20230.92
BUY 0.0012 @ 20250.31 TP1 20254.36
BUY 0.0012 @ 20235.81 TP1 20239.86
BUY 0.0012 @ 20247.0 TP1 20251.05
BUY 0.0012 @ 20201.22 TP1 20205.26
BUY 0.0012 @ 20129.74 TP1 20133.77
BUY 0.0012 @ 20150.68 TP1 20154.71
BUY 0.0012 @ 20094.08 TP1 20098.1
BUY 0.0012 @ 20099.36 TP1 20103.38
BUY 0.0012 @ 20000.620000000003 TP1 20004.62
BUY 0.0012 @ 19999.480000000003 TP1 20003.48
BUY 0.0012 @ 19963.110000000004 TP1 19967.1
BUY 0.0012 @ 20003.250000000004 TP1 20007.25
BUY 0.0012 @ 19795.98 TP1 19799.94
BUY 0.0012 @ 19796.83 TP1 19800.79
BUY 0.0012 @ 19788.80816666667 TP1 19792.77
BUY 0.0012 @ 19814.51916666667 TP1 19818.48
BUY 0.0012 @ 19740.47 TP1 19744.42
BUY 0.0012 @ 19773.091666666667 TP1 19777.05
BUY 0.0012 @ 19773.43 TP1 19777.38
BUY 0.0012 @ 19664.960000000003 TP1 19668.89
BUY 0.0012 @ 19740.070000000003 TP1 19745.01
SELL 0.0012 @ 19688.48
BUY 0.0012 @ 19747.49 TP1 19752.43
BUY 0.0012 @ 19764.730000000003 TP1 19769.67
BUY 0.0012 @ 20140.1 TP1 20145.14
BUY 0.0012 @ 20159.99 TP1 20165.03
BUY 0.0012 @ 20392.260000000002 TP1 20397.36
BUY 0.0012 @ 20341.38 TP1 20346.47
BUY 0.0012 @ 20295.13 TP1 20300.2
SELL 0.0012 @ 20249.07
BUY 0.0012 @ 20274.9 TP1 20280.98
BUY 0.0012 @ 20681.660000000003 TP1 20687.86
BUY 0.0012 @ 20690.04 TP1 20696.25
BUY 0.0012 @ 20703.93 TP1 20710.14
BUY 0.0012 @ 20557.760000000002 TP1 20563.93
BUY 0.0012 @ 20473.99 TP1 20480.13
BUY 0.0012 @ 20481.08 TP1 20487.22
BUY 0.0012 @ 20505.690000000002 TP1 20511.84
BUY 0.0012 @ 20536.260000000002 TP1 20542.42
BUY 0.0012 @ 20443.130000000005 TP1 20449.26
BUY 0.0012 @ 20482.460000000003 TP1 20488.6
BUY 0.0012 @ 20496.260000000002 TP1 20502.41
BUY 0.0012 @ 20527.600000000002 TP1 20533.76
BUY 0.0012 @ 20619.59 TP1 20625.78
BUY 0.0012 @ 20545.210000000003 TP1 20551.37
BUY 0.0012 @ 20554.070000000003 TP1 20560.24
BUY 0.0012 @ 20608.886000000002 TP1 20615.07
BUY 0.0012 @ 20599.64 TP1 20605.82
BUY 0.0012 @ 20657.320000000003 TP1 20663.52
SELL 0.0012 @ 20635.03
BUY 0.0012 @ 20656.54 TP1 20662.74
SELL 0.0012 @ 20614.52
BUY 0.0012 @ 20654.496083333335 TP1 20660.69
BUY 0.0012 @ 20651.840000000004 TP1 20658.04
BUY 0.0012 @ 20726.780000000002 TP1 20733.0
BUY 0.0012 @ 20814.58 TP1 20820.82
BUY 0.0012 @ 20760.66 TP1 20768.96
BUY 0.0012 @ 20906.11 TP1 20914.47
SELL 0.0012 @ 20852.99
BUY 0.0012 @ 20829.440000000002 TP1 20837.77
BUY 0.0012 @ 20869.200000000004 TP1 20877.55
BUY 0.0012 @ 20874.750000000004 TP1 20883.1
SELL 0.0012 @ 20851.13
BUY 0.0012 @ 20957.29391666667 TP1 20965.68
BUY 0.0012 @ 20976.99 TP1 20985.38
BUY 0.0012 @ 20746.600000000002 TP1 20754.9
BUY 0.0012 @ 20767.110000000004 TP1 20775.42
BUY 0.0012 @ 20839.41 TP1 20847.75
BUY 0.0012 @ 20788.45 TP1 20796.77
BUY 0.0012 @ 20844.002333333334 TP1 20852.34
BUY 0.0012 @ 20884.000000000004 TP1 20892.35
BUY 0.0012 @ 21018.47 TP1 21026.88
BUY 0.0011 @ 21074.71 TP1 21083.14
BUY 0.0012 @ 20947.710000000003 TP1 20956.09
BUY 0.0012 @ 20982.12 TP1 20990.51
SELL 0.0012 @ 20949.95
BUY 0.0012 @ 20850.58 TP1 20858.92
BUY 0.0012 @ 20887.530000000002 TP1 20895.89
BUY 0.0012 @ 20892.920000000002 TP1 20901.28
SELL 0.0012 @ 20881.3
BUY 0.0012 @ 20844.600000000002 TP1 20852.94
SELL 0.0012 @ 20822.47
BUY 0.0012 @ 20834.800000000003 TP1 20843.13
SELL 0.0012 @ 20788.42
BUY 0.0012 @ 20825.314000000002 TP1 20833.64
BUY 0.0012 @ 20712.2 TP1 20720.48
BUY 0.0012 @ 20720.590000000004 TP1 20728.88
SELL 0.0012 @ 20707.89
BUY 0.0012 @ 20659.130000000005 TP1 20667.39
SELL 0.0012 @ 20651.26
BUY 0.0012 @ 20667.920000000002 TP1 20676.19
SELL 0.0012 @ 20658.18
BUY 0.0012 @ 20673.75 TP1 20682.02
SELL 0.0012 @ 20651.98
BUY 0.0012 @ 20683.61 TP1 20691.88
BUY 0.0012 @ 20707.440000000002 TP1 20715.72
BUY 0.0012 @ 20715.920000000002 TP1 20724.21
BUY 0.0012 @ 20730.79 TP1 20739.08
BUY 0.0012 @ 20701.910000000003 TP1 20710.19
SELL 0.0012 @ 20696.19
BUY 0.0012 @ 20711.210000000003 TP1 20719.49
SELL 0.0012 @ 20704.08
BUY 0.0012 @ 20682.36 TP1 20690.63
SELL 0.0012 @ 20656.26
BUY 0.0012 @ 20544.8 TP1 20553.02
SELL 0.0012 @ 20525.89
BUY 0.0012 @ 20537.280000000002 TP1 20545.49
BUY 0.0012 @ 20547.78875 TP1 20556.01
BUY 0.0012 @ 20598.04 TP1 20606.28
SELL 0.0012 @ 20581.56
BUY 0.0012 @ 20597.340000000004 TP1 20605.58
BUY 0.0012 @ 20579.700000000004 TP1 20587.93
BUY 0.0012 @ 20607.31 TP1 20615.55
BUY 0.0012 @ 20628.320833333335 TP1 20636.57
SELL 0.0012 @ 20613.43
BUY 0.0012 @ 20634.31 TP1 20642.56
BUY 0.0012 @ 20623.077250000002 TP1 20631.33
BUY 0.0012 @ 20616.300000000003 TP1 20624.55
BUY 0.0012 @ 20625.390000000003 TP1 20633.64
BUY 0.0012 @ 20635.910000000003 TP1 20644.16
SELL 0.0012 @ 20622.0
BUY 0.0012 @ 20635.82 TP1 20644.07
BUY 0.0012 @ 20650.5325 TP1 20658.79
SELL 0.0012 @ 20629.87
BUY 0.0012 @ 20626.24 TP1 20634.49
BUY 0.0012 @ 20629.99 TP1 20638.24
BUY 0.0012 @ 20741.49 TP1 20749.79
BUY 0.0012 @ 20789.440000000002 TP1 20797.76
SELL 0.0012 @ 20761.33
BUY 0.0012 @ 20789.79 TP1 20798.11
BUY 0.0012 @ 20846.660000000003 TP1 20855.0
BUY 0.0012 @ 20900.99 TP1 20909.35
BUY 0.0012 @ 20941.250000000004 TP1 20949.63
BUY 0.0011 @ 21484.84 TP1 21493.43
SELL 0.0011 @ 21433.52
BUY 0.0011 @ 21308.579999999998 TP1 21317.1
BUY 0.0011 @ 21259.999999999996 TP1 21268.5
BUY 0.0011 @ 21199.13 TP1 21207.61
SELL 0.0011 @ 21180.87
BUY 0.0011 @ 21210.6 TP1 21219.08
BUY 0.0011 @ 21258.27 TP1 21266.77
BUY 0.0011 @ 21288.89527272727 TP1 21297.41
BUY 0.0011 @ 21210.79 TP1 21219.27
BUY 0.0011 @ 21262.649999999998 TP1 21271.16
BUY 0.0011 @ 21296.329999999998 TP1 21304.85
BUY 0.0011 @ 21307.58 TP1 21316.1
BUY 0.0011 @ 21146.699999999997 TP1 21155.16
BUY 0.0011 @ 21153.859999999997 TP1 21162.32
SELL 0.0011 @ 21134.43
BUY 0.0011 @ 21140.8 TP1 21149.26
BUY 0.0011 @ 21179.66 TP1 21188.13
BUY 0.0011 @ 21331.96 TP1 21340.49
BUY 0.0011 @ 21418.89 TP1 21427.46
BUY 0.0011 @ 21430.48 TP1 21439.05
BUY 0.0011 @ 21499.99 TP1 21508.59
BUY 0.0011 @ 21594.084909090907 TP1 21602.72
BUY 0.0011 @ 21557.449999999997 TP1 21566.07
BUY 0.0011 @ 21338.85 TP1 21347.39
BUY 0.0011 @ 21367.15 TP1 21375.7
BUY 0.0011 @ 21371.71 TP1 21380.26
BUY 0.0011 @ 21393.639999999996 TP1 21402.2
BUY 0.0011 @ 21341.53 TP1 21350.07
BUY 0.0011 @ 21363.879999999997 TP1 21372.43
BUY 0.0011 @ 21462.5 TP1 21471.08
BUY 0.0011 @ 21207.749999999996 TP1 21216.23
BUY 0.0011 @ 21219.489999999998 TP1 21227.98
BUY 0.0011 @ 21252.634545454544 TP1 21261.14
SELL 0.0011 @ 21192.03
BUY 0.0011 @ 21260.829999999998 TP1 21269.33
SELL 0.0011 @ 21240.54
BUY 0.0011 @ 21171.11 TP1 21179.58
SELL 0.0011 @ 21158.84
BUY 0.0011 @ 21172.443636363638 TP1 21180.91
BUY 0.0011 @ 21069.57 TP1 21078.0
BUY 0.0011 @ 21153.55 TP1 21162.01
SELL 0.0011 @ 21123.86
BUY 0.0011 @ 21154.14545454545 TP1 21162.61
BUY 0.0011 @ 21207.50490909091 TP1 21215.99
BUY 0.0011 @ 21328.94 TP1 21337.47
SELL 0.0011 @ 21276.34
BUY 0.0012 @ 20939.880000000005 TP1 20948.26
BUY 0.0011 @ 21026.75 TP1 21035.16
BUY 0.0011 @ 21054.129999999997 TP1 21062.55
BUY 0.0012 @ 20959.260000000002 TP1 20967.64
BUY 0.0012 @ 21000.750000000004 TP1 21009.15
BUY 0.0012 @ 20977.850000000002 TP1 20986.24
BUY 0.0012 @ 20894.56 TP1 20902.92
BUY 0.0012 @ 20904.5 TP1 20912.86
BUY 0.0012 @ 20979.760000000002 TP1 20988.15
SELL 0.0012 @ 20939.36
BUY 0.0012 @ 20986.190000000002 TP1 20994.58
BUY 0.0011 @ 21008.03 TP1 21016.43
BUY 0.0011 @ 21300.67 TP1 21309.19
BUY 0.0011 @ 21299.649999999998 TP1 21308.17
BUY 0.0011 @ 21275.52 TP1 21284.03
BUY 0.0011 @ 21410.38 TP1 21418.94
BUY 0.0011 @ 22435.67 TP1 22444.64
BUY 0.0011 @ 22304.899999999998 TP1 22313.82
BUY 0.0011 @ 22256.0 TP1 22264.9
BUY 0.0011 @ 22242.56 TP1 22251.46
BUY 0.0011 @ 22194.643636363635 TP1 22203.52
BUY 0.0011 @ 22200.899999999998 TP1 22209.78
BUY 0.0011 @ 22258.04 TP1 22266.94
BUY 0.0011 @ 21967.04 TP1 21975.83
BUY 0.0011 @ 22114.85 TP1 22123.7
BUY 0.0011 @ 22212.329999999998 TP1 22221.21
SELL 0.0011 @ 22195.79
BUY 0.0011 @ 22044.92 TP1 22053.74
BUY 0.0011 @ 22111.429999999997 TP1 22120.27
BUY 0.0011 @ 22210.629999999997 TP1 22219.51
BUY 0.0011 @ 22446.429999999997 TP1 22455.41
SELL 0.0011 @ 22401.94
BUY 0.0011 @ 22410.94 TP1 22419.9
SELL 0.0011 @ 22362.31
BUY 0.0011 @ 22196.82 TP1 22205.7
BUY 0.0011 @ 21903.6 TP1 21912.36
BUY 0.0011 @ 21932.35 TP1 21941.12
BUY 0.0011 @ 21712.449999999997 TP1 21721.13
BUY 0.0011 @ 21606.61 TP1 21615.25
BUY 0.0011 @ 21640.85 TP1 21649.51
BUY 0.0011 @ 21684.31 TP1 21692.98
SELL 0.0011 @ 21618.89
BUY 0.0011 @ 21673.329999999998 TP1 21682.0
BUY 0.0011 @ 21847.829999999998 TP1 21856.57
BUY 0.0011 @ 22184.98 TP1 22193.85
BUY 0.0011 @ 22389.809999999998 TP1 22398.77
BUY 0.0011 @ 22150.379999999997 TP1 22159.24
SELL 0.0011 @ 22094.96
BUY 0.0011 @ 22156.34 TP1 22165.2
SELL 0.0011 @ 22081.71
BUY 0.0011 @ 22094.85 TP1 22103.69
BUY 0.0011 @ 21904.989999999998 TP1 21913.75
BUY 0.0011 @ 22106.25 TP1 22115.09
SELL 0.0011 @ 22029.71
BUY 0.0011 @ 22040.379999999997 TP1 22049.2
BUY 0.0011 @ 22084.92 TP1 22093.75
BUY 0.0011 @ 21761.14 TP1 21769.84
BUY 0.0011 @ 21851.648818181817 TP1 21860.39
BUY 0.0011 @ 21853.41 TP1 21862.15
BUY 0.0011 @ 21873.05 TP1 21881.8
BUY 0.0011 @ 21877.739999999998 TP1 21886.49
BUY 0.0011 @ 21915.28 TP1 21924.05
BUY 0.0011 @ 21948.41 TP1 21957.19
BUY 0.0011 @ 21914.45 TP1 21923.22
BUY 0.0011 @ 21909.44 TP1 21918.2
BUY 0.0011 @ 21900.28 TP1 21909.04
BUY 0.0011 @ 22010.25 TP1 22019.05
BUY 0.0011 @ 22138.16 TP1 22147.02
BUY 0.0011 @ 22203.579999999998 TP1 22212.46
SELL 0.0011 @ 22145.04
BUY 0.0011 @ 22165.879999999997 TP1 22174.75
SELL 0.0011 @ 22120.37
BUY 0.0011 @ 22168.39 TP1 22177.26
BUY 0.0011 @ 22367.98 TP1 22376.93
BUY 0.0011 @ 22263.71 TP1 22272.62
BUY 0.0011 @ 22740.92 TP1 22750.02
BUY 0.001 @ 22917.35 TP1 22926.52
BUY 0.001 @ 23239.28 TP1 23248.58
BUY 0.001 @ 23299.25 TP1 23308.57
BUY 0.001 @ 23456.18 TP1 23465.56
BUY 0.001 @ 23654.11 TP1 23663.57
BUY 0.001 @ 23251.7 TP1 23261.0
BUY 0.001 @ 23309.059999999998 TP1 23318.38
BUY 0.001 @ 23366.6668 TP1 23376.01
BUY 0.001 @ 23321.87 TP1 23331.2
BUY 0.001 @ 23423.149999999998 TP1 23432.52
BUY 0.001 @ 23279.86 TP1 23289.17
BUY 0.001 @ 23194.88 TP1 23204.16
BUY 0.001 @ 23176.424499999997 TP1 23185.7
BUY 0.001 @ 23262.46 TP1 23271.76
BUY 0.001 @ 23326.404499999997 TP1 23335.74
BUY 0.001 @ 23332.56 TP1 23341.89
BUY 0.001 @ 23486.249999999996 TP1 23495.64
BUY 0.001 @ 23453.73 TP1 23463.11
BUY 0.001 @ 23393.45 TP1 23402.81
BUY 0.001 @ 23402.71 TP1 23412.07
BUY 0.001 @ 23414.899999999998 TP1 23424.27
BUY 0.001 @ 23505.23 TP1 23514.63
BUY 0.001 @ 23517.589999999997 TP1 23527.0
BUY 0.001 @ 23584.289999999997 TP1 23593.72
BUY 0.001 @ 23720.19 TP1 23729.68
SELL 0.001 @ 23673.16
BUY 0.001 @ 23701.71 TP1 23711.19
BUY 0.001 @ 23688.030000000002 TP1 23697.51
BUY 0.001 @ 23437.498600000003 TP1 23446.87
BUY 0.001 @ 23373.88 TP1 23383.23
BUY 0.001 @ 23478.329999999998 TP1 23487.72
BUY 0.001 @ 23572.1 TP1 23581.53
SELL 0.001 @ 23550.81
BUY 0.001 @ 23565.370000000003 TP1 23574.8
BUY 0.001 @ 23657.83 TP1 23667.29
BUY 0.001 @ 23741.579999999998 TP1 23751.08
BUY 0.001 @ 23667.98 TP1 23677.45
BUY 0.001 @ 23778.329999999998 TP1 23787.84
BUY 0.001 @ 23817.65 TP1 23827.18
SELL 0.001 @ 23795.34
BUY 0.001 @ 23829.1177 TP1 23838.65
BUY 0.001 @ 23859.16 TP1 23868.7
BUY 0.001 @ 23897.015 TP1 23906.57
BUY 0.001 @ 23983.350000000002 TP1 23992.94
BUY 0.001 @ 23804.379999999997 TP1 23813.9
BUY 0.001 @ 23872.84 TP1 23882.39
BUY 0.001 @ 24159.53 TP1 24169.19
SELL 0.001 @ 24081.82
BUY 0.001 @ 24095.300000000003 TP1 24104.94
BUY 0.001 @ 24241.559999999998 TP1 24251.26
BUY 0.001 @ 24176.61 TP1 24186.28
BUY 0.001 @ 23704.18 TP1 23713.66
BUY 0.001 @ 23834.91 TP1 23844.44
BUY 0.001 @ 23660.0 TP1 23669.46
SELL 0.001 @ 23585.81
BUY 0.001 @ 23710.3 TP1 23719.78
BUY 0.001 @ 23160.0 TP1 23169.26
BUY 0.001 @ 23130.37 TP1 23139.62
BUY 0.001 @ 23288.34 TP1 23297.66
BUY 0.001 @ 23319.55 TP1 23328.88
BUY 0.001 @ 23383.35 TP1 23392.7
BUY 0.001 @ 23350.4 TP1 23359.74
BUY 0.001 @ 23499.98 TP1 23509.38
BUY 0.001 @ 23314.27 TP1 23323.6
BUY 0.001 @ 23317.699999999997 TP1 23327.03
BUY 0.001 @ 23177.739999999998 TP1 23187.01
BUY 0.001 @ 23381.63 TP1 23390.98
BUY 0.001 @ 23310.0 TP1 23319.32
BUY 0.0011 @ 22783.96 TP1 22793.07
BUY 0.0011 @ 22833.809999999998 TP1 22842.94
BUY 0.0011 @ 22829.52 TP1 22838.65
BUY 0.0011 @ 22791.92 TP1 22801.04
BUY 0.0011 @ 22830.73 TP1 22839.86
BUY 0.0011 @ 22963.0 TP1 22972.19
BUY 0.0011 @ 22947.2 TP1 22956.38
BUY 0.0011 @ 22940.11527272727 TP1 22949.29
BUY 0.0011 @ 22877.84 TP1 22886.99
BUY 0.0011 @ 22913.539999999997 TP1 22922.71
BUY 0.0011 @ 22988.399999999998 TP1 22997.6
BUY 0.0011 @ 22969.309999999998 TP1 22978.5
BUY 0.0011 @ 22983.57 TP1 22992.76
BUY 0.0011 @ 23043.93 TP1 23053.15
BUY 0.0011 @ 22705.17 TP1 22714.25
BUY 0.0011 @ 22768.339999999997 TP1 22777.45
BUY 0.0011 @ 22824.87 TP1 22834.0
BUY 0.0011 @ 22710.65 TP1 22719.73
SELL 0.0011 @ 22656.47
BUY 0.0011 @ 22728.43 TP1 22737.52
BUY 0.0011 @ 22536.42 TP1 22545.43
BUY 0.0011 @ 22644.899999999998 TP1 22653.96
BUY 0.0011 @ 22691.21 TP1 22700.29
BUY 0.0011 @ 23012.36 TP1 23021.56
